[2025/03/19 22:56:21]: §9          __             _       
[2025/03/19 22:56:21]: §9  _ __   / /  ___   __ _(_)_ __  
[2025/03/19 22:56:21]: §9 | '_ \ / /  / _ \ / _` | | '_ \ 
[2025/03/19 22:56:21]: §9 | | | / /__| (_) | (_| | | | | |
[2025/03/19 22:56:21]: §9 |_| |_\____/\___/ \__, |_|_| |_|
[2025/03/19 22:56:21]: §9                  |___/            
[2025/03/19 22:56:21]: §9 By: www.nickuc.com - V 10.4.21
[2025/03/19 22:56:21]: §9 
[2025/03/19 22:56:21]: §3[nLogin] [DEBUG] All settings were loaded in 44 ms.
[2025/03/19 22:56:21]: §3[nLogin] [DEBUG] Loading the messages_en.yml message file...
[2025/03/19 22:56:21]: §3[nLogin] [DEBUG] All plugin messages were loaded in 20 ms (languageByClient=false).
[2025/03/19 22:56:21]: §3[nLogin] [DEBUG] All proxy settings were loaded in 0 ms.
[2025/03/19 22:56:21]: §3[nLogin] [DEBUG] Loading database...
[2025/03/19 22:56:21]: §3[nLogin] [DEBUG] Starting logger filter...
[2025/03/19 22:56:41]: 
[2025/03/19 22:56:41]:  §bThank you so much for choosing nLogin! §4<3
[2025/03/19 22:56:41]: 
[2025/03/19 22:56:41]:  §4For your safety, please read the message below:
[2025/03/19 22:56:41]:   §cNever download nLogin from unknown sources.
[2025/03/19 22:56:41]:   §cA modified version may contain malicious software.
[2025/03/19 22:56:41]: 
[2025/03/19 22:56:41]:  §3Trusted sources:
[2025/03/19 22:56:41]:   §bwww.nickuc.com
[2025/03/19 22:56:41]:   §bwww.github.com/nickuc
[2025/03/19 22:56:41]:   §bOpeNLogin installer (from Spigot or GitHub)
[2025/03/19 22:56:41]: 
[2025/03/19 22:56:41]:  §3Official support channels:
[2025/03/19 22:56:41]:   §bDiscord group: §fwww.nickuc.com/discord
[2025/03/19 22:56:41]:   §bDocumentation: §fdocs.nickuc.com/nlogin/
[2025/03/19 22:56:41]:   §bEmail: §fsupport@nickuc.com
[2025/03/19 22:56:41]:   §bYouTube: §fyoutube.com/nickuc
[2025/03/19 22:56:41]: 
[2025/03/19 22:56:41]:  §eTo remove this warning, log in with "nlogin.admin" permission on the server
[2025/03/19 22:56:41]:  §eand click the "Setup plugin" button to configure your plugin.
[2025/03/19 22:56:41]: 
[2025/03/19 22:57:09]: §3[nLogin] [DEBUG] [SQLite] [UPDATE]: "INSERT INTO `nlogin` (`last_name`, `unique_id`, `mojang_id`, `bedrock_id`, `password`, `last_ip`, `creation_date`, `last_seen`, `email`, `discord`, `settings`) VALUES ('Vizart2', 750d2b5cbc263fb381c00bb0493e91f0, null, null, '$2a$10$SmIAiNSIV6rey0jgAuIyquPgAU5kZPV8VtIv7uzG0WrDcMwTtO2Ca', '127.0.0.1', '2025-03-19 22:57:09.419', '2025-03-19 22:57:09.419', null, null, '{"settings":[{"value":true,"key":"force-invalid-session"}],"version":0}')" (applied to all columns)
[2025/03/19 22:57:09]: [nLogin] The user Vizart2 has successfully registered.
[2025/03/19 23:00:08]: [nLogin] Successful plugin core shutdown (took 0.00s)
