[2025/03/19 23:00:30]: §9          __             _       
[2025/03/19 23:00:30]: §9  _ __   / /  ___   __ _(_)_ __  
[2025/03/19 23:00:30]: §9 | '_ \ / /  / _ \ / _` | | '_ \ 
[2025/03/19 23:00:30]: §9 | | | / /__| (_) | (_| | | | | |
[2025/03/19 23:00:30]: §9 |_| |_\____/\___/ \__, |_|_| |_|
[2025/03/19 23:00:30]: §9                  |___/            
[2025/03/19 23:00:30]: §9 By: www.nickuc.com - V 10.4.21
[2025/03/19 23:00:30]: §9 
[2025/03/19 23:00:30]: §3[nLogin] [DEBUG] All settings were loaded in 45 ms.
[2025/03/19 23:00:30]: §3[nLogin] [DEBUG] Loading the messages_en.yml message file...
[2025/03/19 23:00:30]: §3[nLogin] [DEBUG] All plugin messages were loaded in 22 ms (languageByClient=false).
[2025/03/19 23:00:30]: §3[nLogin] [DEBUG] All proxy settings were loaded in 0 ms.
[2025/03/19 23:00:31]: §3[nLogin] [DEBUG] Loading database...
[2025/03/19 23:00:31]: §3[nLogin] [DEBUG] Starting logger filter...
[2025/03/19 23:02:09]: §3[nLogin] [DEBUG] [SQLite] [UPDATE]: "UPDATE `nlogin` SET `last_name` = 'Vizart2', `unique_id` = 750d2b5cbc263fb381c00bb0493e91f0,  `mojang_id` = null,  `bedrock_id` = null,  `password` = '$2a$10$SmIAiNSIV6rey0jgAuIyquPgAU5kZPV8VtIv7uzG0WrDcMwTtO2Ca', `last_ip` = '127.0.0.1', `creation_date` = 2025-03-19 22:57:09.419, `last_seen` = 2025-03-19 23:02:09.212, `email` = null, `discord` = null, `settings` = null WHERE `ai` = 1" (applied to [last_ip, last_seen, settings] columns)
[2025/03/19 23:02:09]: [nLogin] The user Vizart2 has successfully logged in.
[2025/03/19 23:02:35]: §3[nLogin] [DEBUG] [SQLite] [UPDATE]: "UPDATE `nlogin` SET `last_name` = 'Vizart2', `unique_id` = 750d2b5cbc263fb381c00bb0493e91f0,  `mojang_id` = null,  `bedrock_id` = null,  `password` = '$2a$10$SmIAiNSIV6rey0jgAuIyquPgAU5kZPV8VtIv7uzG0WrDcMwTtO2Ca', `last_ip` = '127.0.0.1', `creation_date` = 2025-03-19 22:57:09.419, `last_seen` = 2025-03-19 23:02:35.945, `email` = null, `discord` = null, `settings` = '{"settings":[{"value":"en","key":"language"}],"version":0}' WHERE `ai` = 1" (applied to [last_seen, settings] columns)
[2025/03/19 23:02:55]: §3[nLogin] [DEBUG] [SQLite] [UPDATE]: "UPDATE `nlogin` SET `last_name` = 'Vizart2', `unique_id` = 750d2b5cbc263fb381c00bb0493e91f0,  `mojang_id` = null,  `bedrock_id` = null,  `password` = '$2a$10$SmIAiNSIV6rey0jgAuIyquPgAU5kZPV8VtIv7uzG0WrDcMwTtO2Ca', `last_ip` = '127.0.0.1', `creation_date` = 2025-03-19 22:57:09.419, `last_seen` = 2025-03-19 23:02:55.086, `email` = null, `discord` = null, `settings` = '{"settings":[{"value":"en","key":"language"}],"version":0}' WHERE `ai` = 1" (applied to [last_ip, last_seen, settings] columns)
[2025/03/19 23:02:55]: [nLogin] The user Vizart2 has successfully logged in.
[2025/03/19 23:03:49]: §3[nLogin] [DEBUG] [SQLite] [UPDATE]: "UPDATE `nlogin` SET `last_name` = 'Vizart2', `unique_id` = 750d2b5cbc263fb381c00bb0493e91f0,  `mojang_id` = null,  `bedrock_id` = null,  `password` = '$2a$10$SmIAiNSIV6rey0jgAuIyquPgAU5kZPV8VtIv7uzG0WrDcMwTtO2Ca', `last_ip` = '127.0.0.1', `creation_date` = 2025-03-19 22:57:09.419, `last_seen` = 2025-03-19 23:03:49.292, `email` = null, `discord` = null, `settings` = '{"settings":[{"value":"en","key":"language"}],"version":0}' WHERE `ai` = 1" (applied to [last_seen, settings] columns)
[2025/03/19 23:03:56]: [nLogin] Successful plugin core shutdown (took 0.00s)
