[2025/03/19 23:04:18]: §9          __             _       
[2025/03/19 23:04:18]: §9  _ __   / /  ___   __ _(_)_ __  
[2025/03/19 23:04:18]: §9 | '_ \ / /  / _ \ / _` | | '_ \ 
[2025/03/19 23:04:18]: §9 | | | / /__| (_) | (_| | | | | |
[2025/03/19 23:04:18]: §9 |_| |_\____/\___/ \__, |_|_| |_|
[2025/03/19 23:04:18]: §9                  |___/            
[2025/03/19 23:04:18]: §9 By: www.nickuc.com - V 10.4.21
[2025/03/19 23:04:18]: §9 
[2025/03/19 23:04:18]: §3[nLogin] [DEBUG] All settings were loaded in 42 ms.
[2025/03/19 23:04:18]: §3[nLogin] [DEBUG] Loading the messages_en.yml message file...
[2025/03/19 23:04:18]: §3[nLogin] [DEBUG] All plugin messages were loaded in 26 ms (languageByClient=false).
[2025/03/19 23:04:18]: §3[nLogin] [DEBUG] All proxy settings were loaded in 0 ms.
[2025/03/19 23:04:18]: §3[nLogin] [DEBUG] Loading database...
[2025/03/19 23:04:18]: §3[nLogin] [DEBUG] Starting logger filter...
[2025/03/19 23:05:33]: §3[nLogin] [DEBUG] [SQLite] [UPDATE]: "UPDATE `nlogin` SET `last_name` = 'Vizart2', `unique_id` = 750d2b5cbc263fb381c00bb0493e91f0,  `mojang_id` = null,  `bedrock_id` = null,  `password` = '$2a$10$SmIAiNSIV6rey0jgAuIyquPgAU5kZPV8VtIv7uzG0WrDcMwTtO2Ca', `last_ip` = '127.0.0.1', `creation_date` = 2025-03-19 22:57:09.419, `last_seen` = 2025-03-19 23:05:33.946, `email` = null, `discord` = null, `settings` = '{"settings":[{"value":"en","key":"language"}],"version":0}' WHERE `ai` = 1" (applied to [last_ip, last_seen, settings] columns)
[2025/03/19 23:05:34]: [nLogin] The user Vizart2 has successfully logged in.
[2025/03/19 23:05:41]: §3[nLogin] [DEBUG] [SQLite] [UPDATE]: "UPDATE `nlogin` SET `last_name` = 'Vizart2', `unique_id` = 750d2b5cbc263fb381c00bb0493e91f0,  `mojang_id` = null,  `bedrock_id` = null,  `password` = '$2a$10$SmIAiNSIV6rey0jgAuIyquPgAU5kZPV8VtIv7uzG0WrDcMwTtO2Ca', `last_ip` = '127.0.0.1', `creation_date` = 2025-03-19 22:57:09.419, `last_seen` = 2025-03-19 23:05:41.782, `email` = null, `discord` = null, `settings` = '{"settings":[{"value":"en","key":"language"}],"version":0}' WHERE `ai` = 1" (applied to [last_seen, settings] columns)
[2025/03/19 23:05:46]: §3[nLogin] [DEBUG] [SQLite] [UPDATE]: "UPDATE `nlogin` SET `last_name` = 'Vizart2', `unique_id` = 750d2b5cbc263fb381c00bb0493e91f0,  `mojang_id` = null,  `bedrock_id` = null,  `password` = '$2a$10$SmIAiNSIV6rey0jgAuIyquPgAU5kZPV8VtIv7uzG0WrDcMwTtO2Ca', `last_ip` = '127.0.0.1', `creation_date` = 2025-03-19 22:57:09.419, `last_seen` = 2025-03-19 23:05:46.673, `email` = null, `discord` = null, `settings` = '{"settings":[{"value":"en","key":"language"}],"version":0}' WHERE `ai` = 1" (applied to [last_ip, last_seen, settings] columns)
[2025/03/19 23:05:46]: [nLogin] The user Vizart2 has successfully logged in.
[2025/03/19 23:14:45]: §3[nLogin] [DEBUG] [SQLite] [UPDATE]: "UPDATE `nlogin` SET `last_name` = 'Vizart2', `unique_id` = 750d2b5cbc263fb381c00bb0493e91f0,  `mojang_id` = null,  `bedrock_id` = null,  `password` = '$2a$10$SmIAiNSIV6rey0jgAuIyquPgAU5kZPV8VtIv7uzG0WrDcMwTtO2Ca', `last_ip` = '127.0.0.1', `creation_date` = 2025-03-19 22:57:09.419, `last_seen` = 2025-03-19 23:14:45.48, `email` = null, `discord` = null, `settings` = '{"settings":[{"value":"en","key":"language"}],"version":0}' WHERE `ai` = 1" (applied to [last_seen, settings] columns)
[2025/03/19 23:14:50]: [nLogin] Successful plugin core shutdown (took 0.00s)
